SF:lib/logic/calculator.dart
DA:2,1
DA:3,1
DA:6,1
DA:7,1
DA:10,1
DA:11,1
DA:14,1
DA:15,1
LF:8
LH:8
end_of_record
SF:lib/views/login.dart
DA:6,1
DA:8,1
DA:9,1
DA:18,1
DA:20,3
DA:22,1
DA:23,1
DA:27,1
DA:29,1
DA:31,1
DA:32,1
DA:33,1
DA:36,1
DA:37,2
DA:46,2
DA:47,1
DA:55,1
DA:56,2
DA:57,2
DA:59,0
DA:60,0
DA:61,0
DA:67,0
DA:68,0
DA:69,0
DA:73,2
DA:74,1
DA:83,0
DA:84,0
DA:85,0
DA:86,0
DA:92,0
DA:93,0
DA:94,0
DA:98,2
DA:99,1
DA:106,1
DA:107,1
DA:108,1
DA:109,1
DA:115,0
DA:116,0
DA:117,0
DA:121,2
DA:122,1
DA:125,0
DA:126,0
DA:127,0
LF:48
LH:29
end_of_record
